2021-04-19 11:41:51.903 - INFO  [           main] o.s.b.StartupInfoLogger        : Starting ApplicationMain on Pengyus-MacBook-Pro.local with PID 4436 (started by uuorb in /Users/uuorb/Desktop/青空/空教室查询/code/server)
2021-04-19 11:41:52.014 - INFO  [           main] o.s.b.SpringApplication        : No active profile set, falling back to default profiles: default
2021-04-19 11:41:52.057 - INFO  [kground-preinit] o.h.v.i.u.Version              : HV000001: Hibernate Validator 5.3.6.Final
2021-04-19 11:41:52.099 - INFO  [           main] c.s.AbstractApplicationContext : Refreshing org.springframework.boot.context.embedded.AnnotationConfigEmbeddedWebApplicationContext@21be3395: startup date [Mon Apr 19 11:41:52 CST 2021]; root of context hierarchy
2021-04-19 11:41:53.247 - INFO  [           main] epositoryConfigurationDelegate : Multiple Spring Data modules found, entering strict repository configuration mode!
2021-04-19 11:41:54.700 - INFO  [           main] TomcatEmbeddedServletContainer : Tomcat initialized with port(s): 4396 (http)
2021-04-19 11:41:54.716 - INFO  [           main] o.a.j.l.DirectJDKLog           : Starting service [Tomcat]
2021-04-19 11:41:54.718 - INFO  [           main] o.a.j.l.DirectJDKLog           : Starting Servlet Engine: Apache Tomcat/8.5.23
2021-04-19 11:41:54.877 - INFO  [ost-startStop-1] o.a.j.l.DirectJDKLog           : Initializing Spring embedded WebApplicationContext
2021-04-19 11:41:54.878 - INFO  [ost-startStop-1] .EmbeddedWebApplicationContext : Root WebApplicationContext: initialization completed in 2779 ms
2021-04-19 11:41:55.134 - INFO  [ost-startStop-1] .b.w.s.ServletRegistrationBean : Mapping servlet: 'dispatcherServlet' to [/]
2021-04-19 11:41:55.139 - INFO  [ost-startStop-1] AbstractFilterRegistrationBean : Mapping filter: 'characterEncodingFilter' to: [/*]
2021-04-19 11:41:55.140 - INFO  [ost-startStop-1] AbstractFilterRegistrationBean : Mapping filter: 'hiddenHttpMethodFilter' to: [/*]
2021-04-19 11:41:55.140 - INFO  [ost-startStop-1] AbstractFilterRegistrationBean : Mapping filter: 'httpPutFormContentFilter' to: [/*]
2021-04-19 11:41:55.141 - INFO  [ost-startStop-1] AbstractFilterRegistrationBean : Mapping filter: 'requestContextFilter' to: [/*]
2021-04-19 11:41:57.266 - INFO  [           main] a.RequestMappingHandlerAdapter : Looking for @ControllerAdvice: org.springframework.boot.context.embedded.AnnotationConfigEmbeddedWebApplicationContext@21be3395: startup date [Mon Apr 19 11:41:52 CST 2021]; root of context hierarchy
2021-04-19 11:41:57.377 - INFO  [           main] rMethodMapping$MappingRegistry : Mapped "{[/api/autoreply/authorize],methods=[GET]}" onto public java.lang.String qdu.life.controller.AutoReplyController.authorize(javax.servlet.http.HttpServletRequest)
2021-04-19 11:41:57.378 - INFO  [           main] rMethodMapping$MappingRegistry : Mapped "{[/api/autoreply/authorize],methods=[POST]}" onto public java.lang.String qdu.life.controller.AutoReplyController.autoreply(javax.servlet.http.HttpServletRequest)
2021-04-19 11:41:57.379 - INFO  [           main] rMethodMapping$MappingRegistry : Mapped "{[/api/classroomstatus/today],methods=[POST]}" onto public qdu.life.common.Result qdu.life.controller.ClassroomFreeStatusController.getTodayClassStatus(qdu.life.model.BO.Classroom.ClassRoomStatusPostDataBO) throws java.text.ParseException
2021-04-19 11:41:57.379 - INFO  [           main] rMethodMapping$MappingRegistry : Mapped "{[/api/classroomstatus/tomorrow],methods=[POST]}" onto public qdu.life.common.Result qdu.life.controller.ClassroomFreeStatusController.getTomorrowClassStatus(qdu.life.model.BO.Classroom.ClassRoomStatusPostDataBO) throws java.text.ParseException
2021-04-19 11:41:57.380 - INFO  [           main] rMethodMapping$MappingRegistry : Mapped "{[/api/countdown/get/after_today],methods=[GET]}" onto public qdu.life.common.Result qdu.life.controller.CountdownController.getNewDialog()
2021-04-19 11:41:57.382 - INFO  [           main] rMethodMapping$MappingRegistry : Mapped "{[/api/dialog/test],methods=[GET]}" onto public qdu.life.common.Result qdu.life.controller.DialogController.test()
2021-04-19 11:41:57.384 - INFO  [           main] rMethodMapping$MappingRegistry : Mapped "{[/api/dialog/getNewDialog],methods=[GET]}" onto public qdu.life.common.Result qdu.life.controller.DialogController.getNewDialog()
2021-04-19 11:41:57.385 - INFO  [           main] rMethodMapping$MappingRegistry : Mapped "{[/api/feedback/postnew],methods=[POST]}" onto void qdu.life.controller.FeedbackController.postNew(qdu.life.model.PO.FeedbackPO)
2021-04-19 11:41:57.389 - INFO  [           main] rMethodMapping$MappingRegistry : Mapped "{[/api/flag/public/random],methods=[GET]}" onto qdu.life.common.Result<qdu.life.model.BO.Flag.FlagShowBO> qdu.life.controller.FlagController.getRandomPublicFlag(javax.servlet.http.HttpServletRequest)
2021-04-19 11:41:57.390 - INFO  [           main] rMethodMapping$MappingRegistry : Mapped "{[/api/flag/public/all],methods=[GET]}" onto qdu.life.common.Result qdu.life.controller.FlagController.getAllPublicFlag(javax.servlet.http.HttpServletRequest)
2021-04-19 11:41:57.391 - INFO  [           main] rMethodMapping$MappingRegistry : Mapped "{[/api/flag/private/get_all],methods=[GET]}" onto qdu.life.common.Result qdu.life.controller.FlagController.GetAllPrivateFlag(javax.servlet.http.HttpServletRequest)
2021-04-19 11:41:57.391 - INFO  [           main] rMethodMapping$MappingRegistry : Mapped "{[/api/flag/private/delete/{flag_id}],methods=[GET]}" onto qdu.life.common.Result qdu.life.controller.FlagController.DeleteFlag(javax.servlet.http.HttpServletRequest,int) throws java.lang.Exception
2021-04-19 11:41:57.392 - INFO  [           main] rMethodMapping$MappingRegistry : Mapped "{[/api/flag/private/insert],methods=[POST]}" onto qdu.life.common.Result qdu.life.controller.FlagController.insertPrivateFlag(javax.servlet.http.HttpServletRequest,qdu.life.model.PO.FlagPO)
2021-04-19 11:41:57.392 - INFO  [           main] rMethodMapping$MappingRegistry : Mapped "{[/api/flag/public/togglelike/{flag_id}],methods=[GET]}" onto qdu.life.common.Result qdu.life.controller.FlagController.toggleLikePublicFlag(javax.servlet.http.HttpServletRequest,java.lang.String)
2021-04-19 11:41:57.393 - INFO  [           main] rMethodMapping$MappingRegistry : Mapped "{[/api/flag/private/toggleprivacy/{flag_id}],methods=[GET]}" onto qdu.life.common.Result qdu.life.controller.FlagController.togglePrivacyFlag(javax.servlet.http.HttpServletRequest,int) throws java.lang.Exception
2021-04-19 11:41:57.394 - INFO  [           main] rMethodMapping$MappingRegistry : Mapped "{[/api/course/getCourseByName/{course_name}/{seq}/{week}/{campus_id}/{indexPage}],methods=[GET]}" onto public qdu.life.common.Result qdu.life.controller.PublicCourseController.getCourseByName(java.lang.String,int,int,int,int)
2021-04-19 11:41:57.394 - INFO  [           main] rMethodMapping$MappingRegistry : Mapped "{[/api/course/addPublicCourse],methods=[POST]}" onto public qdu.life.common.Result qdu.life.controller.PublicCourseController.addPublicCourse(qdu.life.model.BO.Course.PublicCourseBO,javax.servlet.http.HttpServletRequest)
2021-04-19 11:41:57.395 - INFO  [           main] rMethodMapping$MappingRegistry : Mapped "{[/api/roomshedule/single/{roomname}/{whichweek}],methods=[POST]}" onto public qdu.life.common.Result qdu.life.controller.RoomScheduleController.singleRoomAndSingleWeek(java.lang.String,int)
2021-04-19 11:41:57.401 - INFO  [           main] rMethodMapping$MappingRegistry : Mapped "{[/api/user/login/{code}],methods=[POST]}" onto public qdu.life.common.Result qdu.life.controller.UserController.login(java.lang.String) throws java.lang.Exception
2021-04-19 11:41:57.402 - INFO  [           main] rMethodMapping$MappingRegistry : Mapped "{[/api/user/logindean],methods=[POST]}" onto public qdu.life.common.Result qdu.life.controller.UserController.loginDean(qdu.life.model.BO.User.UserLoginDeanBO,javax.servlet.http.HttpServletRequest) throws java.lang.Exception
2021-04-19 11:41:57.403 - INFO  [           main] rMethodMapping$MappingRegistry : Mapped "{[/api/user/checkBindFriend],methods=[GET]}" onto public qdu.life.common.Result qdu.life.controller.UserController.checkBindFriend(javax.servlet.http.HttpServletRequest)
2021-04-19 11:41:57.403 - INFO  [           main] rMethodMapping$MappingRegistry : Mapped "{[/api/user/getCourse],methods=[GET]}" onto public qdu.life.common.Result qdu.life.controller.UserController.getCourse(javax.servlet.http.HttpServletRequest)
2021-04-19 11:41:57.404 - INFO  [           main] rMethodMapping$MappingRegistry : Mapped "{[/api/user/getAddCourse],methods=[GET]}" onto public qdu.life.common.Result qdu.life.controller.UserController.getAddCourse(javax.servlet.http.HttpServletRequest)
2021-04-19 11:41:57.404 - INFO  [           main] rMethodMapping$MappingRegistry : Mapped "{[/api/user/dismissFriend],methods=[GET]}" onto public qdu.life.common.Result qdu.life.controller.UserController.dismissFriend(javax.servlet.http.HttpServletRequest)
2021-04-19 11:41:57.405 - INFO  [           main] rMethodMapping$MappingRegistry : Mapped "{[/api/user/checkTokenAndBind],methods=[POST]}" onto public qdu.life.common.Result qdu.life.controller.UserController.checkTokenAndBind(javax.servlet.http.HttpServletRequest,java.lang.String)
2021-04-19 11:41:57.405 - INFO  [           main] rMethodMapping$MappingRegistry : Mapped "{[/api/user/getCourse/friend],methods=[GET]}" onto public qdu.life.common.Result qdu.life.controller.UserController.getFriendCourse(javax.servlet.http.HttpServletRequest)
2021-04-19 11:41:57.406 - INFO  [           main] rMethodMapping$MappingRegistry : Mapped "{[/api/user/updateInfo],methods=[POST]}" onto public qdu.life.common.Result qdu.life.controller.UserController.updateInfo(javax.servlet.http.HttpServletRequest,qdu.life.model.BO.User.WxUserInfoBO)
2021-04-19 11:41:57.406 - INFO  [           main] rMethodMapping$MappingRegistry : Mapped "{[/api/user/checkSubscribe/{hour}/{mins}],methods=[GET]}" onto public qdu.life.common.Result qdu.life.controller.UserController.checkSubscribe(javax.servlet.http.HttpServletRequest,int,int)
2021-04-19 11:41:57.406 - INFO  [           main] rMethodMapping$MappingRegistry : Mapped "{[/api/user/closeAlarm],methods=[GET]}" onto public qdu.life.common.Result qdu.life.controller.UserController.closeAlarm(javax.servlet.http.HttpServletRequest)
2021-04-19 11:41:57.407 - INFO  [           main] rMethodMapping$MappingRegistry : Mapped "{[/api/weather/today],methods=[GET]}" onto public qdu.life.common.Result qdu.life.controller.WeatherController.getTodayWeather() throws java.io.IOException
2021-04-19 11:41:57.408 - INFO  [           main] rMethodMapping$MappingRegistry : Mapped "{[/api/weather/insert],methods=[GET]}" onto public void qdu.life.controller.WeatherController.insertTodayWeather() throws java.io.IOException
2021-04-19 11:41:57.409 - INFO  [           main] rMethodMapping$MappingRegistry : Mapped "{[/api/wechat/accesstoken],methods=[GET]}" onto public qdu.life.common.Result qdu.life.controller.WechatController.getLatestAccessToken() throws java.io.IOException
2021-04-19 11:41:57.409 - INFO  [           main] rMethodMapping$MappingRegistry : Mapped "{[/api/wechat/openid/{openid}],methods=[GET]}" onto public qdu.life.common.Result qdu.life.controller.WechatController.getOpenid(java.lang.String)
2021-04-19 11:41:57.417 - INFO  [           main] rMethodMapping$MappingRegistry : Mapped "{[/api/class/getClassByBuildId/{buildingId}/{floor}],methods=[POST]}" onto public qdu.life.common.Result qdu.life.controller.mainController.getClassByBuildId(int,int)
2021-04-19 11:41:57.417 - INFO  [           main] rMethodMapping$MappingRegistry : Mapped "{[/api/class/getClassByBuildId/{buildingId}],methods=[POST]}" onto public qdu.life.common.Result qdu.life.controller.mainController.getClassByBuildId(int)
2021-04-19 11:41:57.418 - INFO  [           main] rMethodMapping$MappingRegistry : Mapped "{[/api/class/single/{className}],methods=[POST]}" onto public qdu.life.common.Result qdu.life.controller.mainController.getSingleClass(java.lang.String)
2021-04-19 11:41:57.418 - INFO  [           main] rMethodMapping$MappingRegistry : Mapped "{[/api/class/sequence/{whichweek}/{week}/{seq}],methods=[POST]}" onto public qdu.life.common.Result qdu.life.controller.mainController.searchBySequence(java.lang.String,int,int)
2021-04-19 11:41:57.419 - INFO  [           main] rMethodMapping$MappingRegistry : Mapped "{[/api/class/sequence/today/{seq}],methods=[POST]}" onto public qdu.life.common.Result qdu.life.controller.mainController.searchTodayBySequence(java.lang.String) throws java.text.ParseException
2021-04-19 11:41:57.420 - INFO  [           main] rMethodMapping$MappingRegistry : Mapped "{[/api/class/today/{buildingIds}/{floor}/{length}],methods=[POST]}" onto public qdu.life.common.Result qdu.life.controller.mainController.searchTodayByDetail(java.lang.String,java.lang.String,java.lang.String) throws java.text.ParseException
2021-04-19 11:41:57.421 - INFO  [           main] rMethodMapping$MappingRegistry : Mapped "{[/api/class/tomorrow/{buildingIds}/{floor}/{length}],methods=[POST]}" onto public qdu.life.common.Result qdu.life.controller.mainController.searchTomorrowByDetail(java.lang.String,java.lang.String,java.lang.String) throws java.text.ParseException
2021-04-19 11:41:57.424 - INFO  [           main] rMethodMapping$MappingRegistry : Mapped "{[/error],produces=[text/html]}" onto public org.springframework.web.servlet.ModelAndView org.springframework.boot.autoconfigure.web.BasicErrorController.errorHtml(javax.servlet.http.HttpServletRequest,javax.servlet.http.HttpServletResponse)
2021-04-19 11:41:57.424 - INFO  [           main] rMethodMapping$MappingRegistry : Mapped "{[/error]}" onto public org.springframework.http.ResponseEntity<java.util.Map<java.lang.String, java.lang.Object>> org.springframework.boot.autoconfigure.web.BasicErrorController.error(javax.servlet.http.HttpServletRequest)
2021-04-19 11:41:57.486 - INFO  [           main] eptionHandlerExceptionResolver : Detected @ExceptionHandler methods in globalExceptionHandler
2021-04-19 11:41:57.554 - INFO  [           main] .s.h.AbstractUrlHandlerMapping : Mapped URL path [/**/favicon.ico] onto handler of type [class org.springframework.web.servlet.resource.ResourceHttpRequestHandler]
2021-04-19 11:41:58.114 - INFO  [           main] o.s.j.e.MBeanExporter          : Registering beans for JMX exposure on startup
2021-04-19 11:41:58.129 - INFO  [           main] ledAnnotationBeanPostProcessor : No TaskScheduler/ScheduledExecutorService bean found for scheduled processing
2021-04-19 11:41:58.141 - INFO  [           main] o.a.j.l.DirectJDKLog           : Initializing ProtocolHandler ["http-nio-4396"]
2021-04-19 11:41:58.149 - INFO  [           main] o.a.j.l.DirectJDKLog           : Starting ProtocolHandler ["http-nio-4396"]
2021-04-19 11:41:58.172 - INFO  [           main] o.a.j.l.DirectJDKLog           : Using a shared selector for servlet write/read
2021-04-19 11:41:58.192 - INFO  [           main] TomcatEmbeddedServletContainer : Tomcat started on port(s): 4396 (http)
2021-04-19 11:41:58.196 - INFO  [           main] o.s.b.StartupInfoLogger        : Started ApplicationMain in 6.919 seconds (JVM running for 9.512)
2021-04-19 11:42:01.901 - INFO  [nio-4396-exec-1] o.a.j.l.DirectJDKLog           : Initializing Spring FrameworkServlet 'dispatcherServlet'
2021-04-19 11:42:01.901 - INFO  [nio-4396-exec-1] o.s.w.s.FrameworkServlet       : FrameworkServlet 'dispatcherServlet': initialization started
2021-04-19 11:42:01.960 - INFO  [nio-4396-exec-1] o.s.w.s.FrameworkServlet       : FrameworkServlet 'dispatcherServlet': initialization completed in 58 ms
2021-04-19 13:50:19.117 - INFO  [      Thread-16] c.s.AbstractApplicationContext : Closing org.springframework.boot.context.embedded.AnnotationConfigEmbeddedWebApplicationContext@21be3395: startup date [Mon Apr 19 11:41:52 CST 2021]; root of context hierarchy
